Introducing contestants...
* Player 1, weighting 12 bytes, "tester" ("test ld") !
* Player 2, weighting 10 bytes, "tester" ("test ld") !
dest: 0, and carry: 1
P	2 | ld 0 r2
dest: 100, and carry: 0
P	1 | ld 100 r3
P	1 | st r3 57
P	2 | zjmp 0 FAILED
dest: 0, and carry: 1
P	1 | ld 0 r2
P	1 | zjmp 0 OK
dest: 100, and carry: 0
P	2 | ld 100 r3
P	2 | st r3 57
P	1 | zjmp 0 OK
P	1 | zjmp 0 OK
P	1 | zjmp 0 OK
P	1 | zjmp 0 OK
P	1 | zjmp 0 OK
P	1 | zjmp 0 OK
P	1 | zjmp 0 OK
P	1 | zjmp 0 OK
P	1 | zjmp 0 OK
P	1 | zjmp 0 OK
P	1 | zjmp 0 OK
P	1 | zjmp 0 OK
P	1 | zjmp 0 OK
P	1 | zjmp 0 OK
P	1 | zjmp 0 OK
P	1 | zjmp 0 OK
P	1 | zjmp 0 OK
P	1 | zjmp 0 OK
P	1 | zjmp 0 OK
P	1 | zjmp 0 OK
P	1 | zjmp 0 OK
P	1 | zjmp 0 OK
P	1 | zjmp 0 OK
P	1 | zjmp 0 OK
P	1 | zjmp 0 OK
P	1 | zjmp 0 OK
P	1 | zjmp 0 OK
P	1 | zjmp 0 OK
P	1 | zjmp 0 OK
P	1 | zjmp 0 OK
P	1 | zjmp 0 OK
P	1 | zjmp 0 OK
P	1 | zjmp 0 OK
P	1 | zjmp 0 OK
P	1 | zjmp 0 OK
P	1 | zjmp 0 OK
P	1 | zjmp 0 OK
P	1 | zjmp 0 OK
P	1 | zjmp 0 OK
P	1 | zjmp 0 OK
P	1 | zjmp 0 OK
P	1 | zjmp 0 OK
P	1 | zjmp 0 OK
P	1 | zjmp 0 OK
P	1 | zjmp 0 OK
P	1 | zjmp 0 OK
P	1 | zjmp 0 OK
P	1 | zjmp 0 OK
P	1 | zjmp 0 OK
dest: 0, and carry: 1
P	2 | ld 0 r2
P	2 | zjmp 0 OK
P	2 | zjmp 0 OK
P	2 | zjmp 0 OK
P	2 | zjmp 0 OK
P	2 | zjmp 0 OK
P	2 | zjmp 0 OK
P	2 | zjmp 0 OK
P	2 | zjmp 0 OK
P	2 | zjmp 0 OK
P	2 | zjmp 0 OK
P	2 | zjmp 0 OK
P	2 | zjmp 0 OK
P	2 | zjmp 0 OK
P	2 | zjmp 0 OK
P	2 | zjmp 0 OK
P	2 | zjmp 0 OK
P	2 | zjmp 0 OK
P	2 | zjmp 0 OK
P	2 | zjmp 0 OK
P	2 | zjmp 0 OK
P	2 | zjmp 0 OK
P	2 | zjmp 0 OK
P	2 | zjmp 0 OK
P	2 | zjmp 0 OK
P	2 | zjmp 0 OK
P	2 | zjmp 0 OK
P	2 | zjmp 0 OK
P	2 | zjmp 0 OK
P	2 | zjmp 0 OK
P	2 | zjmp 0 OK
P	2 | zjmp 0 OK
P	2 | zjmp 0 OK
P	2 | zjmp 0 OK
P	2 | zjmp 0 OK
P	2 | zjmp 0 OK
P	2 | zjmp 0 OK
P	2 | zjmp 0 OK
P	2 | zjmp 0 OK
P	2 | zjmp 0 OK
P	2 | zjmp 0 OK
P	2 | zjmp 0 OK
P	2 | zjmp 0 OK
P	2 | zjmp 0 OK
P	2 | zjmp 0 OK
P	2 | zjmp 2304 OK
P	2 | zjmp 0 OK
